{"D:\\Code\\Proyectos\\Testing\\fabrica-regalos\\canReconfigure.js": {"path":"D:\\Code\\Proyectos\\Testing\\fabrica-regalos\\canReconfigure.js","all":false,"statementMap":{"0":{"start":{"line":1,"column":0},"end":{"line":1,"column":45}},"1":{"start":{"line":2,"column":0},"end":{"line":2,"column":63}},"2":{"start":{"line":3,"column":0},"end":{"line":3,"column":82}},"3":{"start":{"line":4,"column":0},"end":{"line":4,"column":80}},"4":{"start":{"line":5,"column":0},"end":{"line":5,"column":0}},"5":{"start":{"line":6,"column":0},"end":{"line":6,"column":46}},"6":{"start":{"line":7,"column":0},"end":{"line":7,"column":0}},"7":{"start":{"line":8,"column":0},"end":{"line":8,"column":70}},"8":{"start":{"line":9,"column":0},"end":{"line":9,"column":42}},"9":{"start":{"line":10,"column":0},"end":{"line":10,"column":0}},"10":{"start":{"line":11,"column":0},"end":{"line":11,"column":26}},"11":{"start":{"line":12,"column":0},"end":{"line":12,"column":28}},"12":{"start":{"line":13,"column":0},"end":{"line":13,"column":0}},"13":{"start":{"line":14,"column":0},"end":{"line":14,"column":41}},"14":{"start":{"line":15,"column":0},"end":{"line":15,"column":31}},"15":{"start":{"line":16,"column":0},"end":{"line":16,"column":27}},"16":{"start":{"line":17,"column":0},"end":{"line":17,"column":0}},"17":{"start":{"line":18,"column":0},"end":{"line":18,"column":52}},"18":{"start":{"line":19,"column":0},"end":{"line":19,"column":63}},"19":{"start":{"line":20,"column":0},"end":{"line":20,"column":64}},"20":{"start":{"line":21,"column":0},"end":{"line":21,"column":42}},"21":{"start":{"line":22,"column":0},"end":{"line":22,"column":32}},"22":{"start":{"line":23,"column":0},"end":{"line":23,"column":3}},"23":{"start":{"line":24,"column":0},"end":{"line":24,"column":14}},"24":{"start":{"line":25,"column":0},"end":{"line":25,"column":2}},"25":{"start":{"line":26,"column":0},"end":{"line":26,"column":52}},"26":{"start":{"line":27,"column":0},"end":{"line":27,"column":53}},"27":{"start":{"line":28,"column":0},"end":{"line":28,"column":52}},"28":{"start":{"line":29,"column":0},"end":{"line":29,"column":52}},"29":{"start":{"line":30,"column":0},"end":{"line":30,"column":55}}},"s":{"0":1,"1":9,"2":9,"3":9,"4":9,"5":9,"6":9,"7":4,"8":9,"9":9,"10":3,"11":3,"12":3,"13":3,"14":11,"15":11,"16":11,"17":11,"18":11,"19":9,"20":9,"21":9,"22":9,"23":1,"24":1,"25":1,"26":1,"27":1,"28":1,"29":1},"branchMap":{"0":{"type":"branch","line":2,"loc":{"start":{"line":2,"column":-2},"end":{"line":25,"column":2}},"locations":[{"start":{"line":2,"column":-2},"end":{"line":25,"column":2}}]},"1":{"type":"branch","line":3,"loc":{"start":{"line":3,"column":33},"end":{"line":3,"column":82}},"locations":[{"start":{"line":3,"column":33},"end":{"line":3,"column":82}}]},"2":{"type":"branch","line":4,"loc":{"start":{"line":4,"column":0},"end":{"line":4,"column":31}},"locations":[{"start":{"line":4,"column":0},"end":{"line":4,"column":31}}]},"3":{"type":"branch","line":4,"loc":{"start":{"line":4,"column":31},"end":{"line":4,"column":80}},"locations":[{"start":{"line":4,"column":31},"end":{"line":4,"column":80}}]},"4":{"type":"branch","line":6,"loc":{"start":{"line":6,"column":-2},"end":{"line":6,"column":34}},"locations":[{"start":{"line":6,"column":-2},"end":{"line":6,"column":34}}]},"5":{"type":"branch","line":6,"loc":{"start":{"line":6,"column":34},"end":{"line":6,"column":46}},"locations":[{"start":{"line":6,"column":34},"end":{"line":6,"column":46}}]},"6":{"type":"branch","line":8,"loc":{"start":{"line":8,"column":-2},"end":{"line":9,"column":30}},"locations":[{"start":{"line":8,"column":-2},"end":{"line":9,"column":30}}]},"7":{"type":"branch","line":9,"loc":{"start":{"line":9,"column":30},"end":{"line":9,"column":42}},"locations":[{"start":{"line":9,"column":30},"end":{"line":9,"column":42}}]},"8":{"type":"branch","line":11,"loc":{"start":{"line":11,"column":-2},"end":{"line":14,"column":41}},"locations":[{"start":{"line":11,"column":-2},"end":{"line":14,"column":41}}]},"9":{"type":"branch","line":15,"loc":{"start":{"line":15,"column":-2},"end":{"line":23,"column":3}},"locations":[{"start":{"line":15,"column":-2},"end":{"line":23,"column":3}}]},"10":{"type":"branch","line":19,"loc":{"start":{"line":19,"column":22},"end":{"line":19,"column":50}},"locations":[{"start":{"line":19,"column":22},"end":{"line":19,"column":50}}]},"11":{"type":"branch","line":19,"loc":{"start":{"line":19,"column":52},"end":{"line":19,"column":63}},"locations":[{"start":{"line":19,"column":52},"end":{"line":19,"column":63}}]},"12":{"type":"branch","line":20,"loc":{"start":{"line":20,"column":0},"end":{"line":23,"column":3}},"locations":[{"start":{"line":20,"column":0},"end":{"line":23,"column":3}}]},"13":{"type":"branch","line":24,"loc":{"start":{"line":24,"column":0},"end":{"line":25,"column":2}},"locations":[{"start":{"line":24,"column":0},"end":{"line":25,"column":2}}]}},"b":{"0":[9],"1":[2],"2":[7],"3":[2],"4":[5],"5":[1],"6":[4],"7":[1],"8":[3],"9":[11],"10":[2],"11":[2],"12":[9],"13":[1]},"fnMap":{"0":{"name":"canReconfigure","decl":{"start":{"line":2,"column":-2},"end":{"line":25,"column":2}},"loc":{"start":{"line":2,"column":-2},"end":{"line":25,"column":2}},"line":2}},"f":{"0":9}}
}
